<?xml version="1.0" encoding="UTF-8"?>
<testsuite name="com.linkedlist.MyLinkedListTest" tests="1" skipped="0" failures="0" errors="0" timestamp="2020-12-05T14:03:40" hostname="ADMIN-PC" time="0.005">
  <properties/>
  <testcase name="givenElementToSearchWhenMatchShouldPassLinkedListResult" classname="com.linkedlist.MyLinkedListTest" time="0.005"/>
  <system-out><![CDATA[]]></system-out>
  <system-err><![CDATA[]]></system-err>
</testsuite>
