<?xml version="1.0" encoding="UTF-8"?>
<testsuite name="com.linkedlist.MyBinaryTreeTest" tests="1" skipped="0" failures="0" errors="0" timestamp="2020-12-07T12:58:02" hostname="ADMIN-PC" time="0.004">
  <properties/>
  <testcase name="given3NumbersWhenAddedToBinaryTreeShouldreturnSizeThree" classname="com.linkedlist.MyBinaryTreeTest" time="0.004"/>
  <system-out><![CDATA[]]></system-out>
  <system-err><![CDATA[]]></system-err>
</testsuite>
