<?xml version="1.0" encoding="UTF-8"?>
<testsuite name="com.linkedlist.MyLinkedListTest" tests="1" skipped="0" failures="0" errors="0" timestamp="2020-12-03T14:32:26" hostname="ADMIN-PC" time="0.046">
  <properties/>
  <testcase name="givenLastElementWhenDeleteShouldPassLinkedListResult" classname="com.linkedlist.MyLinkedListTest" time="0.046"/>
  <system-out><![CDATA[My Nodes : 56->30
]]></system-out>
  <system-err><![CDATA[]]></system-err>
</testsuite>
