<?xml version="1.0" encoding="UTF-8"?>
<testsuite name="com.linkedlist.MyQueueTest" tests="1" skipped="0" failures="0" errors="0" timestamp="2020-12-06T15:48:25" hostname="ADMIN-PC" time="0.009">
  <properties/>
  <testcase name="given3NumbersWhenAddedToStackShouldHaveLastAddedNode" classname="com.linkedlist.MyQueueTest" time="0.009"/>
  <system-out><![CDATA[My Nodes : 70->30->56
]]></system-out>
  <system-err><![CDATA[]]></system-err>
</testsuite>
