<?xml version="1.0" encoding="UTF-8"?>
<testsuite name="com.linkedlist.MyNodeTest" tests="1" skipped="0" failures="0" errors="0" timestamp="2020-12-03T11:58:01" hostname="ADMIN-PC" time="0.005">
  <properties/>
  <testcase name="given3NumbersWhenLinkedShouldPassedLinkedListTest" classname="com.linkedlist.MyNodeTest" time="0.005"/>
  <system-out><![CDATA[]]></system-out>
  <system-err><![CDATA[]]></system-err>
</testsuite>
