<?xml version="1.0" encoding="UTF-8"?>
<testsuite name="com.linkedlist.MyBinaryTreeTest" tests="1" skipped="0" failures="0" errors="0" timestamp="2020-12-08T05:37:52" hostname="ADMIN-PC" time="0.005">
  <properties/>
  <testcase name="givenMultipleNumbersWhenAddedToBinaryTreeShouldreturnSize" classname="com.linkedlist.MyBinaryTreeTest" time="0.005"/>
  <system-out><![CDATA[]]></system-out>
  <system-err><![CDATA[]]></system-err>
</testsuite>
