<?xml version="1.0" encoding="UTF-8"?>
<testsuite name="com.linkedlist.MyLinkedListTest" tests="1" skipped="0" failures="0" errors="0" timestamp="2020-12-03T14:02:06" hostname="ADMIN-PC" time="0.008">
  <properties/>
  <testcase name="givenFirstElementWhenDeleteShouldPassLinkedListResult" classname="com.linkedlist.MyLinkedListTest" time="0.008"/>
  <system-out><![CDATA[My Nodes : 30->70
]]></system-out>
  <system-err><![CDATA[]]></system-err>
</testsuite>
