<?xml version="1.0" encoding="UTF-8"?>
<testsuite name="com.linkedlist.MyStackTest" tests="1" skipped="0" failures="0" errors="0" timestamp="2020-12-06T14:57:12" hostname="ADMIN-PC" time="0.008">
  <properties/>
  <testcase name="poppingAllNumbersFromStackWhenEmptyShouldPass" classname="com.linkedlist.MyStackTest" time="0.008"/>
  <system-out><![CDATA[Stack is not Empty
My Nodes : 56->30->70
Stack is Empty
]]></system-out>
  <system-err><![CDATA[]]></system-err>
</testsuite>
